ASSERTION	AAEDAAEFAAAAAAAAwFdAAwAAAAAAAEB/QA==
ASSERTION	AAECAAIFAAAAAAAAAFlA
ASSERTION	AAEDAAEDAwAAAAAAAMByQA==
RUN	simulations.ComputerDatabaseSimulation	computerdatabasesimulation	1767825934330	 	3.9.5
USER	Advanced API Load Test	START	1767825935179
REQUEST		01_Get_Specific_Post	1767825935194	1767825935216	OK	 
USER	Advanced API Load Test	START	1767825935671
REQUEST		01_Get_Specific_Post	1767825935672	1767825935692	OK	 
USER	Advanced API Load Test	START	1767825936173
REQUEST		01_Get_Specific_Post	1767825936173	1767825936194	OK	 
USER	Advanced API Load Test	START	1767825936673
REQUEST		01_Get_Specific_Post	1767825936674	1767825936695	OK	 
USER	Advanced API Load Test	START	1767825937175
REQUEST		01_Get_Specific_Post	1767825937175	1767825937197	OK	 
USER	Advanced API Load Test	START	1767825937667
REQUEST		01_Get_Specific_Post	1767825937668	1767825937688	OK	 
REQUEST		02_Get_Comments_For_Post	1767825937934	1767825937951	OK	 
REQUEST		03_Create_Post	1767825937955	1767825937968	OK	 
USER	Advanced API Load Test	END	1767825937971
REQUEST		02_Get_Comments_For_Post	1767825938024	1767825938041	OK	 
REQUEST		02_Get_Comments_For_Post	1767825938040	1767825938057	OK	 
REQUEST		03_Create_Post	1767825938042	1767825938069	OK	 
USER	Advanced API Load Test	END	1767825938070
REQUEST		03_Create_Post	1767825938058	1767825938071	OK	 
USER	Advanced API Load Test	END	1767825938072
USER	Advanced API Load Test	START	1767825938168
REQUEST		01_Get_Specific_Post	1767825938169	1767825938194	OK	 
USER	Advanced API Load Test	START	1767825938666
REQUEST		01_Get_Specific_Post	1767825938667	1767825938694	OK	 
REQUEST		02_Get_Comments_For_Post	1767825938769	1767825938782	OK	 
REQUEST		03_Create_Post	1767825938782	1767825938797	OK	 
USER	Advanced API Load Test	END	1767825938798
USER	Advanced API Load Test	START	1767825939167
REQUEST		01_Get_Specific_Post	1767825939168	1767825939186	OK	 
REQUEST		02_Get_Comments_For_Post	1767825939204	1767825939214	OK	 
REQUEST		03_Create_Post	1767825939215	1767825939226	OK	 
USER	Advanced API Load Test	END	1767825939227
USER	Advanced API Load Test	START	1767825939667
REQUEST		01_Get_Specific_Post	1767825939668	1767825939686	OK	 
REQUEST		02_Get_Comments_For_Post	1767825939762	1767825939777	OK	 
REQUEST		03_Create_Post	1767825939778	1767825939799	OK	 
USER	Advanced API Load Test	END	1767825939800
USER	Advanced API Load Test	START	1767825940168
REQUEST		01_Get_Specific_Post	1767825940169	1767825940185	OK	 
REQUEST		02_Get_Comments_For_Post	1767825940420	1767825940435	OK	 
REQUEST		02_Get_Comments_For_Post	1767825940431	1767825940441	OK	 
REQUEST		03_Create_Post	1767825940441	1767825940454	OK	 
REQUEST		03_Create_Post	1767825940436	1767825940454	OK	 
USER	Advanced API Load Test	END	1767825940455
USER	Advanced API Load Test	END	1767825940455
USER	Advanced API Load Test	START	1767825940667
REQUEST		01_Get_Specific_Post	1767825940667	1767825940684	OK	 
REQUEST		02_Get_Comments_For_Post	1767825940713	1767825940723	OK	 
REQUEST		03_Create_Post	1767825940724	1767825940735	OK	 
USER	Advanced API Load Test	END	1767825940736
REQUEST		02_Get_Comments_For_Post	1767825941006	1767825941019	OK	 
REQUEST		03_Create_Post	1767825941020	1767825941032	OK	 
USER	Advanced API Load Test	END	1767825941033
USER	Advanced API Load Test	START	1767825941167
REQUEST		01_Get_Specific_Post	1767825941168	1767825941186	OK	 
USER	Advanced API Load Test	START	1767825941667
REQUEST		01_Get_Specific_Post	1767825941667	1767825941685	OK	 
REQUEST		02_Get_Comments_For_Post	1767825942066	1767825942080	OK	 
REQUEST		03_Create_Post	1767825942081	1767825942104	OK	 
USER	Advanced API Load Test	END	1767825942105
USER	Advanced API Load Test	START	1767825942167
REQUEST		01_Get_Specific_Post	1767825942168	1767825942186	OK	 
REQUEST		02_Get_Comments_For_Post	1767825942214	1767825942226	OK	 
REQUEST		03_Create_Post	1767825942227	1767825942241	OK	 
USER	Advanced API Load Test	END	1767825942242
REQUEST		02_Get_Comments_For_Post	1767825942573	1767825942583	OK	 
REQUEST		03_Create_Post	1767825942584	1767825942598	OK	 
USER	Advanced API Load Test	END	1767825942599
USER	Advanced API Load Test	START	1767825942666
REQUEST		01_Get_Specific_Post	1767825942667	1767825942685	OK	 
USER	Advanced API Load Test	START	1767825943167
REQUEST		01_Get_Specific_Post	1767825943168	1767825943183	OK	 
USER	Advanced API Load Test	START	1767825943667
REQUEST		01_Get_Specific_Post	1767825943668	1767825943688	OK	 
REQUEST		02_Get_Comments_For_Post	1767825943801	1767825943812	OK	 
REQUEST		03_Create_Post	1767825943813	1767825943828	OK	 
USER	Advanced API Load Test	END	1767825943829
USER	Advanced API Load Test	START	1767825944168
REQUEST		01_Get_Specific_Post	1767825944168	1767825944184	OK	 
REQUEST		02_Get_Comments_For_Post	1767825944422	1767825944431	OK	 
REQUEST		03_Create_Post	1767825944432	1767825944447	OK	 
USER	Advanced API Load Test	END	1767825944448
USER	Advanced API Load Test	START	1767825944667
REQUEST		01_Get_Specific_Post	1767825944668	1767825944685	OK	 
REQUEST		02_Get_Comments_For_Post	1767825944991	1767825945001	OK	 
REQUEST		03_Create_Post	1767825945002	1767825945016	OK	 
USER	Advanced API Load Test	END	1767825945017
REQUEST		02_Get_Comments_For_Post	1767825945325	1767825945335	OK	 
REQUEST		03_Create_Post	1767825945336	1767825945351	OK	 
USER	Advanced API Load Test	END	1767825945352
REQUEST		02_Get_Comments_For_Post	1767825946562	1767825946571	OK	 
REQUEST		03_Create_Post	1767825946572	1767825946587	OK	 
USER	Advanced API Load Test	END	1767825946588
REQUEST		02_Get_Comments_For_Post	1767825946977	1767825946986	OK	 
REQUEST		03_Create_Post	1767825946987	1767825947002	OK	 
USER	Advanced API Load Test	END	1767825947003
REQUEST		02_Get_Comments_For_Post	1767825947652	1767825947661	OK	 
REQUEST		03_Create_Post	1767825947661	1767825947675	OK	 
USER	Advanced API Load Test	END	1767825947675
